c:\users\asus\coding\gdeng03\que_gdeng03_engine\que-engine\x64\debug\vc143.pdb
c:\users\asus\coding\gdeng03\que_gdeng03_engine\que-engine\x64\debug\vc143.idb
c:\users\asus\coding\gdeng03\que_gdeng03_engine\que-engine\x64\debug\window.obj
c:\users\asus\coding\gdeng03\que_gdeng03_engine\que-engine\x64\debug\enginetime.obj
c:\users\asus\coding\gdeng03\que_gdeng03_engine\que-engine\x64\debug\main.obj
c:\users\asus\coding\gdeng03\que_gdeng03_engine\que-engine\x64\debug\appwindow.obj
c:\users\asus\coding\gdeng03\que_gdeng03_engine\que-engine\x64\debug\graphicsengine.obj
c:\users\asus\coding\gdeng03\que_gdeng03_engine\x64\debug\que-engine.exe
c:\users\asus\coding\gdeng03\que_gdeng03_engine\que-engine\x64\debug\que-engine.ilk
c:\users\asus\coding\gdeng03\que_gdeng03_engine\x64\debug\que-engine.pdb
c:\users\asus\coding\gdeng03\que_gdeng03_engine\que-engine\x64\debug\que-engine.obj
c:\users\asus\coding\gdeng03\que_gdeng03_engine\que-engine\x64\debug\que-engine.tlog\cl.command.1.tlog
c:\users\asus\coding\gdeng03\que_gdeng03_engine\que-engine\x64\debug\que-engine.tlog\cl.items.tlog
c:\users\asus\coding\gdeng03\que_gdeng03_engine\que-engine\x64\debug\que-engine.tlog\cl.read.1.tlog
c:\users\asus\coding\gdeng03\que_gdeng03_engine\que-engine\x64\debug\que-engine.tlog\cl.write.1.tlog
c:\users\asus\coding\gdeng03\que_gdeng03_engine\que-engine\x64\debug\que-engine.tlog\link.33944-cvtres.read.1.tlog
c:\users\asus\coding\gdeng03\que_gdeng03_engine\que-engine\x64\debug\que-engine.tlog\link.33944-cvtres.write.1.tlog
c:\users\asus\coding\gdeng03\que_gdeng03_engine\que-engine\x64\debug\que-engine.tlog\link.33944-rc.read.1.tlog
c:\users\asus\coding\gdeng03\que_gdeng03_engine\que-engine\x64\debug\que-engine.tlog\link.33944-rc.write.1.tlog
c:\users\asus\coding\gdeng03\que_gdeng03_engine\que-engine\x64\debug\que-engine.tlog\link.33944.read.1.tlog
c:\users\asus\coding\gdeng03\que_gdeng03_engine\que-engine\x64\debug\que-engine.tlog\link.33944.read.2.tlog
c:\users\asus\coding\gdeng03\que_gdeng03_engine\que-engine\x64\debug\que-engine.tlog\link.33944.write.1.tlog
c:\users\asus\coding\gdeng03\que_gdeng03_engine\que-engine\x64\debug\que-engine.tlog\link.command.1.tlog
c:\users\asus\coding\gdeng03\que_gdeng03_engine\que-engine\x64\debug\que-engine.tlog\link.read.1.tlog
c:\users\asus\coding\gdeng03\que_gdeng03_engine\que-engine\x64\debug\que-engine.tlog\link.write.1.tlog
