  AppWindow.cpp
C:\Users\asus\Coding\GDENG03\DirectXGame\DirectXGame\AppWindow.cpp(32,65): warning C4305: 'argument': truncation from 'double' to 'const float'
C:\Users\asus\Coding\GDENG03\DirectXGame\DirectXGame\AppWindow.cpp(35,68): warning C4305: 'argument': truncation from 'double' to 'const float'
C:\Users\asus\Coding\GDENG03\DirectXGame\DirectXGame\AppWindow.cpp(35,63): warning C4305: 'argument': truncation from 'double' to 'const float'
C:\Users\asus\Coding\GDENG03\DirectXGame\DirectXGame\AppWindow.cpp(37,67): warning C4305: 'argument': truncation from 'double' to 'const float'
C:\Users\asus\Coding\GDENG03\DirectXGame\DirectXGame\AppWindow.cpp(37,62): warning C4305: 'argument': truncation from 'double' to 'const float'
C:\Users\asus\Coding\GDENG03\DirectXGame\DirectXGame\AppWindow.cpp(40,66): warning C4305: 'argument': truncation from 'double' to 'const float'
C:\Users\asus\Coding\GDENG03\DirectXGame\DirectXGame\AppWindow.cpp(43,69): warning C4305: 'argument': truncation from 'double' to 'const float'
C:\Users\asus\Coding\GDENG03\DirectXGame\DirectXGame\AppWindow.cpp(43,63): warning C4305: 'argument': truncation from 'double' to 'const float'
C:\Users\asus\Coding\GDENG03\DirectXGame\DirectXGame\AppWindow.cpp(46,68): warning C4305: 'argument': truncation from 'double' to 'const float'
C:\Users\asus\Coding\GDENG03\DirectXGame\DirectXGame\AppWindow.cpp(46,62): warning C4305: 'argument': truncation from 'double' to 'const float'
C:\Users\asus\Coding\GDENG03\DirectXGame\DirectXGame\AppWindow.cpp(59,38): warning C4267: 'argument': conversion from 'size_t' to 'UINT', possible loss of data
  BlendState.cpp
  BlendStateManager.cpp
  ConstantBuffer.cpp
  DeviceContext.cpp
  Drawable.cpp
C:\Users\asus\Coding\GDENG03\DirectXGame\DirectXGame\Drawable.cpp(50,18): warning C4267: 'initializing': conversion from 'size_t' to 'UINT', possible loss of data
  GraphicsEngine.cpp
  PixelShader.cpp
  Quad.cpp
  SwapChain.cpp
  VertexBuffer.cpp
  VertexShader.cpp
  Window.cpp
  main.cpp
  Generating Code...
  LINK : C:\Users\asus\Coding\GDENG03\DirectXGame\x64\Debug\DirectXGame.exe not found or not built by the last incremental link; performing full link
  DirectXGame.vcxproj -> C:\Users\asus\Coding\GDENG03\DirectXGame\x64\Debug\DirectXGame.exe
